{
    "/home/travis/build/kaizhu256/node-aa-bb/test.js": {
        "path": "/home/travis/build/kaizhu256/node-aa-bb/test.js",
        "s": {
            "1": 2,
            "2": 2,
            "3": 2,
            "4": 2,
            "5": 2,
            "6": 0,
            "7": 0,
            "8": 0,
            "9": 0,
            "10": 0,
            "11": 0,
            "12": 2,
            "13": 2,
            "14": 2,
            "15": 2,
            "16": 2,
            "17": 2,
            "18": 0,
            "19": 0,
            "20": 0,
            "21": 0,
            "22": 0,
            "23": 0,
            "24": 0,
            "25": 0,
            "26": 0,
            "27": 0,
            "28": 0,
            "29": 0,
            "30": 0,
            "31": 0,
            "32": 0,
            "33": 2,
            "34": 0,
            "35": 0,
            "36": 0,
            "37": 2,
            "38": 0,
            "39": 0,
            "40": 0,
            "41": 0,
            "42": 0,
            "43": 0,
            "44": 0,
            "45": 0,
            "46": 0,
            "47": 2,
            "48": 0,
            "49": 2,
            "50": 0,
            "51": 2,
            "52": 0,
            "53": 0,
            "54": 0,
            "55": 0,
            "56": 0,
            "57": 0,
            "58": 0,
            "59": 0,
            "60": 0,
            "61": 0,
            "62": 0,
            "63": 0,
            "64": 2,
            "65": 0,
            "66": 0,
            "67": 0,
            "68": 2,
            "69": 2,
            "70": 2,
            "71": 2,
            "72": 2,
            "73": 2,
            "74": 2,
            "75": 2
        },
        "b": {
            "1": [
                2,
                0
            ],
            "2": [
                0,
                2
            ],
            "3": [
                2,
                1,
                1
            ],
            "4": [
                2,
                1
            ],
            "5": [
                0,
                0
            ],
            "6": [
                0,
                0
            ],
            "7": [
                0,
                0
            ],
            "8": [
                0,
                0
            ],
            "9": [
                0,
                0
            ],
            "10": [
                0,
                0
            ],
            "11": [
                0,
                0,
                0
            ],
            "12": [
                0,
                0
            ],
            "13": [
                0,
                0
            ],
            "14": [
                0,
                0,
                0
            ],
            "15": [
                0,
                0
            ],
            "16": [
                0,
                0,
                0
            ],
            "17": [
                0,
                0
            ],
            "18": [
                0,
                0,
                0,
                0,
                0,
                0,
                0
            ],
            "19": [
                0,
                2
            ],
            "20": [
                2,
                1,
                1,
                1
            ],
            "21": [
                2,
                2,
                0
            ],
            "22": [
                2,
                1
            ]
        },
        "f": {
            "1": 2,
            "2": 0,
            "3": 0,
            "4": 0,
            "5": 0,
            "6": 0,
            "7": 0,
            "8": 0,
            "9": 0,
            "10": 0,
            "11": 0,
            "12": 0,
            "13": 0,
            "14": 2,
            "15": 2,
            "16": 2
        },
        "fnMap": {
            "1": {
                "name": "(anonymous_1)",
                "line": 6,
                "loc": {
                    "start": {
                        "line": 6,
                        "column": 1
                    },
                    "end": {
                        "line": 6,
                        "column": 23
                    }
                },
                "skip": true
            },
            "2": {
                "name": "(anonymous_2)",
                "line": 15,
                "loc": {
                    "start": {
                        "line": 15,
                        "column": 33
                    },
                    "end": {
                        "line": 15,
                        "column": 55
                    }
                },
                "skip": true
            },
            "3": {
                "name": "(anonymous_3)",
                "line": 41,
                "loc": {
                    "start": {
                        "line": 41,
                        "column": 28
                    },
                    "end": {
                        "line": 41,
                        "column": 46
                    }
                },
                "skip": true
            },
            "4": {
                "name": "(anonymous_4)",
                "line": 46,
                "loc": {
                    "start": {
                        "line": 46,
                        "column": 39
                    },
                    "end": {
                        "line": 46,
                        "column": 54
                    }
                },
                "skip": true
            },
            "5": {
                "name": "(anonymous_5)",
                "line": 60,
                "loc": {
                    "start": {
                        "line": 60,
                        "column": 44
                    },
                    "end": {
                        "line": 60,
                        "column": 59
                    }
                },
                "skip": true
            },
            "6": {
                "name": "(anonymous_6)",
                "line": 71,
                "loc": {
                    "start": {
                        "line": 71,
                        "column": 26
                    },
                    "end": {
                        "line": 71,
                        "column": 49
                    }
                },
                "skip": true
            },
            "7": {
                "name": "(anonymous_7)",
                "line": 95,
                "loc": {
                    "start": {
                        "line": 95,
                        "column": 21
                    },
                    "end": {
                        "line": 95,
                        "column": 43
                    }
                },
                "skip": true
            },
            "8": {
                "name": "(anonymous_8)",
                "line": 111,
                "loc": {
                    "start": {
                        "line": 111,
                        "column": 21
                    },
                    "end": {
                        "line": 111,
                        "column": 36
                    }
                },
                "skip": true
            },
            "9": {
                "name": "(anonymous_9)",
                "line": 117,
                "loc": {
                    "start": {
                        "line": 117,
                        "column": 16
                    },
                    "end": {
                        "line": 117,
                        "column": 28
                    }
                },
                "skip": true
            },
            "10": {
                "name": "(anonymous_10)",
                "line": 123,
                "loc": {
                    "start": {
                        "line": 123,
                        "column": 32
                    },
                    "end": {
                        "line": 123,
                        "column": 73
                    }
                },
                "skip": true
            },
            "11": {
                "name": "(anonymous_11)",
                "line": 129,
                "loc": {
                    "start": {
                        "line": 129,
                        "column": 18
                    },
                    "end": {
                        "line": 129,
                        "column": 45
                    }
                },
                "skip": true
            },
            "12": {
                "name": "(anonymous_12)",
                "line": 130,
                "loc": {
                    "start": {
                        "line": 130,
                        "column": 40
                    },
                    "end": {
                        "line": 132,
                        "column": 15
                    }
                },
                "skip": true
            },
            "13": {
                "name": "(anonymous_13)",
                "line": 158,
                "loc": {
                    "start": {
                        "line": 158,
                        "column": 41
                    },
                    "end": {
                        "line": 158,
                        "column": 56
                    }
                },
                "skip": true
            },
            "14": {
                "name": "(anonymous_14)",
                "line": 169,
                "loc": {
                    "start": {
                        "line": 169,
                        "column": 1
                    },
                    "end": {
                        "line": 169,
                        "column": 18
                    }
                },
                "skip": true
            },
            "15": {
                "name": "(anonymous_15)",
                "line": 175,
                "loc": {
                    "start": {
                        "line": 175,
                        "column": 1
                    },
                    "end": {
                        "line": 175,
                        "column": 13
                    }
                },
                "skip": true
            },
            "16": {
                "name": "(anonymous_16)",
                "line": 187,
                "loc": {
                    "start": {
                        "line": 187,
                        "column": 1
                    },
                    "end": {
                        "line": 187,
                        "column": 13
                    }
                },
                "skip": true
            }
        },
        "statementMap": {
            "1": {
                "start": {
                    "line": 6,
                    "column": 0
                },
                "end": {
                    "line": 162,
                    "column": 61
                },
                "skip": true
            },
            "2": {
                "start": {
                    "line": 8,
                    "column": 4
                },
                "end": {
                    "line": 8,
                    "column": 21
                },
                "skip": true
            },
            "3": {
                "start": {
                    "line": 9,
                    "column": 4
                },
                "end": {
                    "line": 9,
                    "column": 14
                },
                "skip": true
            },
            "4": {
                "start": {
                    "line": 11,
                    "column": 4
                },
                "end": {
                    "line": 11,
                    "column": 64
                },
                "skip": true
            },
            "5": {
                "start": {
                    "line": 13,
                    "column": 4
                },
                "end": {
                    "line": 25,
                    "column": 5
                },
                "skip": true
            },
            "6": {
                "start": {
                    "line": 14,
                    "column": 8
                },
                "end": {
                    "line": 14,
                    "column": 37
                },
                "skip": true
            },
            "7": {
                "start": {
                    "line": 15,
                    "column": 8
                },
                "end": {
                    "line": 24,
                    "column": 10
                },
                "skip": true
            },
            "8": {
                "start": {
                    "line": 20,
                    "column": 12
                },
                "end": {
                    "line": 20,
                    "column": 44
                },
                "skip": true
            },
            "9": {
                "start": {
                    "line": 21,
                    "column": 12
                },
                "end": {
                    "line": 21,
                    "column": 37
                },
                "skip": true
            },
            "10": {
                "start": {
                    "line": 22,
                    "column": 12
                },
                "end": {
                    "line": 22,
                    "column": 31
                },
                "skip": true
            },
            "11": {
                "start": {
                    "line": 23,
                    "column": 12
                },
                "end": {
                    "line": 23,
                    "column": 30
                },
                "skip": true
            },
            "12": {
                "start": {
                    "line": 27,
                    "column": 4
                },
                "end": {
                    "line": 27,
                    "column": 15
                },
                "skip": true
            },
            "13": {
                "start": {
                    "line": 28,
                    "column": 4
                },
                "end": {
                    "line": 28,
                    "column": 24
                },
                "skip": true
            },
            "14": {
                "start": {
                    "line": 29,
                    "column": 4
                },
                "end": {
                    "line": 29,
                    "column": 35
                },
                "skip": true
            },
            "15": {
                "start": {
                    "line": 31,
                    "column": 4
                },
                "end": {
                    "line": 35,
                    "column": 6
                },
                "skip": true
            },
            "16": {
                "start": {
                    "line": 37,
                    "column": 4
                },
                "end": {
                    "line": 39,
                    "column": 6
                },
                "skip": true
            },
            "17": {
                "start": {
                    "line": 41,
                    "column": 4
                },
                "end": {
                    "line": 70,
                    "column": 6
                },
                "skip": true
            },
            "18": {
                "start": {
                    "line": 45,
                    "column": 8
                },
                "end": {
                    "line": 45,
                    "column": 41
                },
                "skip": true
            },
            "19": {
                "start": {
                    "line": 46,
                    "column": 8
                },
                "end": {
                    "line": 64,
                    "column": 10
                },
                "skip": true
            },
            "20": {
                "start": {
                    "line": 50,
                    "column": 12
                },
                "end": {
                    "line": 50,
                    "column": 23
                },
                "skip": true
            },
            "21": {
                "start": {
                    "line": 51,
                    "column": 12
                },
                "end": {
                    "line": 53,
                    "column": 13
                },
                "skip": true
            },
            "22": {
                "start": {
                    "line": 52,
                    "column": 16
                },
                "end": {
                    "line": 52,
                    "column": 27
                },
                "skip": true
            },
            "23": {
                "start": {
                    "line": 55,
                    "column": 12
                },
                "end": {
                    "line": 57,
                    "column": 13
                },
                "skip": true
            },
            "24": {
                "start": {
                    "line": 56,
                    "column": 16
                },
                "end": {
                    "line": 56,
                    "column": 61
                },
                "skip": true
            },
            "25": {
                "start": {
                    "line": 59,
                    "column": 12
                },
                "end": {
                    "line": 59,
                    "column": 24
                },
                "skip": true
            },
            "26": {
                "start": {
                    "line": 60,
                    "column": 12
                },
                "end": {
                    "line": 62,
                    "column": 15
                },
                "skip": true
            },
            "27": {
                "start": {
                    "line": 61,
                    "column": 16
                },
                "end": {
                    "line": 61,
                    "column": 69
                },
                "skip": true
            },
            "28": {
                "start": {
                    "line": 63,
                    "column": 12
                },
                "end": {
                    "line": 63,
                    "column": 26
                },
                "skip": true
            },
            "29": {
                "start": {
                    "line": 65,
                    "column": 8
                },
                "end": {
                    "line": 65,
                    "column": 62
                },
                "skip": true
            },
            "30": {
                "start": {
                    "line": 66,
                    "column": 8
                },
                "end": {
                    "line": 66,
                    "column": 62
                },
                "skip": true
            },
            "31": {
                "start": {
                    "line": 67,
                    "column": 8
                },
                "end": {
                    "line": 69,
                    "column": 9
                },
                "skip": true
            },
            "32": {
                "start": {
                    "line": 68,
                    "column": 12
                },
                "end": {
                    "line": 68,
                    "column": 79
                },
                "skip": true
            },
            "33": {
                "start": {
                    "line": 71,
                    "column": 4
                },
                "end": {
                    "line": 94,
                    "column": 6
                },
                "skip": true
            },
            "34": {
                "start": {
                    "line": 75,
                    "column": 8
                },
                "end": {
                    "line": 77,
                    "column": 9
                },
                "skip": true
            },
            "35": {
                "start": {
                    "line": 76,
                    "column": 12
                },
                "end": {
                    "line": 76,
                    "column": 19
                },
                "skip": true
            },
            "36": {
                "start": {
                    "line": 78,
                    "column": 8
                },
                "end": {
                    "line": 93,
                    "column": 10
                },
                "skip": true
            },
            "37": {
                "start": {
                    "line": 95,
                    "column": 4
                },
                "end": {
                    "line": 110,
                    "column": 6
                },
                "skip": true
            },
            "38": {
                "start": {
                    "line": 99,
                    "column": 8
                },
                "end": {
                    "line": 99,
                    "column": 16
                },
                "skip": true
            },
            "39": {
                "start": {
                    "line": 100,
                    "column": 8
                },
                "end": {
                    "line": 100,
                    "column": 15
                },
                "skip": true
            },
            "40": {
                "start": {
                    "line": 101,
                    "column": 8
                },
                "end": {
                    "line": 101,
                    "column": 15
                },
                "skip": true
            },
            "41": {
                "start": {
                    "line": 102,
                    "column": 8
                },
                "end": {
                    "line": 108,
                    "column": 9
                },
                "skip": true
            },
            "42": {
                "start": {
                    "line": 103,
                    "column": 12
                },
                "end": {
                    "line": 103,
                    "column": 30
                },
                "skip": true
            },
            "43": {
                "start": {
                    "line": 104,
                    "column": 12
                },
                "end": {
                    "line": 106,
                    "column": 13
                },
                "skip": true
            },
            "44": {
                "start": {
                    "line": 105,
                    "column": 16
                },
                "end": {
                    "line": 105,
                    "column": 27
                },
                "skip": true
            },
            "45": {
                "start": {
                    "line": 107,
                    "column": 12
                },
                "end": {
                    "line": 107,
                    "column": 20
                },
                "skip": true
            },
            "46": {
                "start": {
                    "line": 109,
                    "column": 8
                },
                "end": {
                    "line": 109,
                    "column": 19
                },
                "skip": true
            },
            "47": {
                "start": {
                    "line": 111,
                    "column": 4
                },
                "end": {
                    "line": 116,
                    "column": 6
                },
                "skip": true
            },
            "48": {
                "start": {
                    "line": 115,
                    "column": 8
                },
                "end": {
                    "line": 115,
                    "column": 19
                },
                "skip": true
            },
            "49": {
                "start": {
                    "line": 117,
                    "column": 4
                },
                "end": {
                    "line": 122,
                    "column": 6
                },
                "skip": true
            },
            "50": {
                "start": {
                    "line": 121,
                    "column": 8
                },
                "end": {
                    "line": 121,
                    "column": 15
                },
                "skip": true
            },
            "51": {
                "start": {
                    "line": 123,
                    "column": 4
                },
                "end": {
                    "line": 150,
                    "column": 6
                },
                "skip": true
            },
            "52": {
                "start": {
                    "line": 128,
                    "column": 8
                },
                "end": {
                    "line": 128,
                    "column": 20
                },
                "skip": true
            },
            "53": {
                "start": {
                    "line": 129,
                    "column": 8
                },
                "end": {
                    "line": 147,
                    "column": 10
                },
                "skip": true
            },
            "54": {
                "start": {
                    "line": 130,
                    "column": 12
                },
                "end": {
                    "line": 146,
                    "column": 15
                },
                "skip": true
            },
            "55": {
                "start": {
                    "line": 133,
                    "column": 16
                },
                "end": {
                    "line": 133,
                    "column": 23
                },
                "skip": true
            },
            "56": {
                "start": {
                    "line": 134,
                    "column": 16
                },
                "end": {
                    "line": 134,
                    "column": 30
                },
                "skip": true
            },
            "57": {
                "start": {
                    "line": 135,
                    "column": 16
                },
                "end": {
                    "line": 138,
                    "column": 17
                },
                "skip": true
            },
            "58": {
                "start": {
                    "line": 136,
                    "column": 20
                },
                "end": {
                    "line": 136,
                    "column": 34
                },
                "skip": true
            },
            "59": {
                "start": {
                    "line": 137,
                    "column": 20
                },
                "end": {
                    "line": 137,
                    "column": 27
                },
                "skip": true
            },
            "60": {
                "start": {
                    "line": 139,
                    "column": 16
                },
                "end": {
                    "line": 145,
                    "column": 17
                },
                "skip": true
            },
            "61": {
                "start": {
                    "line": 144,
                    "column": 20
                },
                "end": {
                    "line": 144,
                    "column": 47
                },
                "skip": true
            },
            "62": {
                "start": {
                    "line": 148,
                    "column": 8
                },
                "end": {
                    "line": 148,
                    "column": 37
                },
                "skip": true
            },
            "63": {
                "start": {
                    "line": 149,
                    "column": 8
                },
                "end": {
                    "line": 149,
                    "column": 19
                },
                "skip": true
            },
            "64": {
                "start": {
                    "line": 152,
                    "column": 4
                },
                "end": {
                    "line": 161,
                    "column": 5
                },
                "skip": true
            },
            "65": {
                "start": {
                    "line": 157,
                    "column": 8
                },
                "end": {
                    "line": 157,
                    "column": 47
                },
                "skip": true
            },
            "66": {
                "start": {
                    "line": 158,
                    "column": 8
                },
                "end": {
                    "line": 160,
                    "column": 11
                },
                "skip": true
            },
            "67": {
                "start": {
                    "line": 159,
                    "column": 12
                },
                "end": {
                    "line": 159,
                    "column": 22
                },
                "skip": true
            },
            "68": {
                "start": {
                    "line": 169,
                    "column": 0
                },
                "end": {
                    "line": 190,
                    "column": 5
                },
                "skip": true
            },
            "69": {
                "start": {
                    "line": 175,
                    "column": 0
                },
                "end": {
                    "line": 182,
                    "column": 5
                },
                "skip": true
            },
            "70": {
                "start": {
                    "line": 177,
                    "column": 0
                },
                "end": {
                    "line": 177,
                    "column": 51
                },
                "skip": true
            },
            "71": {
                "start": {
                    "line": 178,
                    "column": 0
                },
                "end": {
                    "line": 178,
                    "column": 30
                },
                "skip": true
            },
            "72": {
                "start": {
                    "line": 179,
                    "column": 0
                },
                "end": {
                    "line": 179,
                    "column": 25
                },
                "skip": true
            },
            "73": {
                "start": {
                    "line": 181,
                    "column": 0
                },
                "end": {
                    "line": 181,
                    "column": 28
                },
                "skip": true
            },
            "74": {
                "start": {
                    "line": 187,
                    "column": 0
                },
                "end": {
                    "line": 189,
                    "column": 5
                },
                "skip": true
            },
            "75": {
                "start": {
                    "line": 188,
                    "column": 0
                },
                "end": {
                    "line": 188,
                    "column": 7
                },
                "skip": true
            }
        },
        "branchMap": {
            "1": {
                "line": 11,
                "type": "binary-expr",
                "locations": [
                    {
                        "start": {
                            "line": 11,
                            "column": 28
                        },
                        "end": {
                            "line": 11,
                            "column": 49
                        },
                        "skip": true
                    },
                    {
                        "start": {
                            "line": 11,
                            "column": 53
                        },
                        "end": {
                            "line": 11,
                            "column": 63
                        },
                        "skip": true
                    }
                ]
            },
            "2": {
                "line": 13,
                "type": "if",
                "locations": [
                    {
                        "start": {
                            "line": 13,
                            "column": 4
                        },
                        "end": {
                            "line": 13,
                            "column": 4
                        },
                        "skip": true
                    },
                    {
                        "start": {
                            "line": 13,
                            "column": 4
                        },
                        "end": {
                            "line": 13,
                            "column": 4
                        },
                        "skip": true
                    }
                ]
            },
            "3": {
                "line": 32,
                "type": "binary-expr",
                "locations": [
                    {
                        "start": {
                            "line": 32,
                            "column": 8
                        },
                        "end": {
                            "line": 32,
                            "column": 55
                        },
                        "skip": true
                    },
                    {
                        "start": {
                            "line": 33,
                            "column": 11
                        },
                        "end": {
                            "line": 33,
                            "column": 31
                        },
                        "skip": true
                    },
                    {
                        "start": {
                            "line": 34,
                            "column": 11
                        },
                        "end": {
                            "line": 34,
                            "column": 61
                        },
                        "skip": true
                    }
                ]
            },
            "4": {
                "line": 38,
                "type": "binary-expr",
                "locations": [
                    {
                        "start": {
                            "line": 38,
                            "column": 8
                        },
                        "end": {
                            "line": 38,
                            "column": 23
                        },
                        "skip": true
                    },
                    {
                        "start": {
                            "line": 38,
                            "column": 27
                        },
                        "end": {
                            "line": 38,
                            "column": 73
                        },
                        "skip": true
                    }
                ]
            },
            "5": {
                "line": 51,
                "type": "if",
                "locations": [
                    {
                        "start": {
                            "line": 51,
                            "column": 12
                        },
                        "end": {
                            "line": 51,
                            "column": 12
                        },
                        "skip": true
                    },
                    {
                        "start": {
                            "line": 51,
                            "column": 12
                        },
                        "end": {
                            "line": 51,
                            "column": 12
                        },
                        "skip": true
                    }
                ]
            },
            "6": {
                "line": 51,
                "type": "binary-expr",
                "locations": [
                    {
                        "start": {
                            "line": 51,
                            "column": 16
                        },
                        "end": {
                            "line": 51,
                            "column": 39
                        },
                        "skip": true
                    },
                    {
                        "start": {
                            "line": 51,
                            "column": 43
                        },
                        "end": {
                            "line": 51,
                            "column": 47
                        },
                        "skip": true
                    }
                ]
            },
            "7": {
                "line": 55,
                "type": "if",
                "locations": [
                    {
                        "start": {
                            "line": 55,
                            "column": 12
                        },
                        "end": {
                            "line": 55,
                            "column": 12
                        },
                        "skip": true
                    },
                    {
                        "start": {
                            "line": 55,
                            "column": 12
                        },
                        "end": {
                            "line": 55,
                            "column": 12
                        },
                        "skip": true
                    }
                ]
            },
            "8": {
                "line": 67,
                "type": "if",
                "locations": [
                    {
                        "start": {
                            "line": 67,
                            "column": 8
                        },
                        "end": {
                            "line": 67,
                            "column": 8
                        },
                        "skip": true
                    },
                    {
                        "start": {
                            "line": 67,
                            "column": 8
                        },
                        "end": {
                            "line": 67,
                            "column": 8
                        },
                        "skip": true
                    }
                ]
            },
            "9": {
                "line": 75,
                "type": "if",
                "locations": [
                    {
                        "start": {
                            "line": 75,
                            "column": 8
                        },
                        "end": {
                            "line": 75,
                            "column": 8
                        },
                        "skip": true
                    },
                    {
                        "start": {
                            "line": 75,
                            "column": 8
                        },
                        "end": {
                            "line": 75,
                            "column": 8
                        },
                        "skip": true
                    }
                ]
            },
            "10": {
                "line": 79,
                "type": "cond-expr",
                "locations": [
                    {
                        "start": {
                            "line": 85,
                            "column": 14
                        },
                        "end": {
                            "line": 85,
                            "column": 17
                        },
                        "skip": true
                    },
                    {
                        "start": {
                            "line": 86,
                            "column": 14
                        },
                        "end": {
                            "line": 92,
                            "column": 13
                        },
                        "skip": true
                    }
                ]
            },
            "11": {
                "line": 80,
                "type": "binary-expr",
                "locations": [
                    {
                        "start": {
                            "line": 80,
                            "column": 16
                        },
                        "end": {
                            "line": 80,
                            "column": 19
                        },
                        "skip": true
                    },
                    {
                        "start": {
                            "line": 81,
                            "column": 19
                        },
                        "end": {
                            "line": 81,
                            "column": 50
                        },
                        "skip": true
                    },
                    {
                        "start": {
                            "line": 82,
                            "column": 19
                        },
                        "end": {
                            "line": 82,
                            "column": 48
                        },
                        "skip": true
                    }
                ]
            },
            "12": {
                "line": 87,
                "type": "cond-expr",
                "locations": [
                    {
                        "start": {
                            "line": 89,
                            "column": 18
                        },
                        "end": {
                            "line": 89,
                            "column": 21
                        },
                        "skip": true
                    },
                    {
                        "start": {
                            "line": 91,
                            "column": 18
                        },
                        "end": {
                            "line": 91,
                            "column": 51
                        },
                        "skip": true
                    }
                ]
            },
            "13": {
                "line": 104,
                "type": "if",
                "locations": [
                    {
                        "start": {
                            "line": 104,
                            "column": 12
                        },
                        "end": {
                            "line": 104,
                            "column": 12
                        },
                        "skip": true
                    },
                    {
                        "start": {
                            "line": 104,
                            "column": 12
                        },
                        "end": {
                            "line": 104,
                            "column": 12
                        },
                        "skip": true
                    }
                ]
            },
            "14": {
                "line": 104,
                "type": "binary-expr",
                "locations": [
                    {
                        "start": {
                            "line": 104,
                            "column": 16
                        },
                        "end": {
                            "line": 104,
                            "column": 33
                        },
                        "skip": true
                    },
                    {
                        "start": {
                            "line": 104,
                            "column": 37
                        },
                        "end": {
                            "line": 104,
                            "column": 49
                        },
                        "skip": true
                    },
                    {
                        "start": {
                            "line": 104,
                            "column": 53
                        },
                        "end": {
                            "line": 104,
                            "column": 63
                        },
                        "skip": true
                    }
                ]
            },
            "15": {
                "line": 135,
                "type": "if",
                "locations": [
                    {
                        "start": {
                            "line": 135,
                            "column": 16
                        },
                        "end": {
                            "line": 135,
                            "column": 16
                        },
                        "skip": true
                    },
                    {
                        "start": {
                            "line": 135,
                            "column": 16
                        },
                        "end": {
                            "line": 135,
                            "column": 16
                        },
                        "skip": true
                    }
                ]
            },
            "16": {
                "line": 135,
                "type": "binary-expr",
                "locations": [
                    {
                        "start": {
                            "line": 135,
                            "column": 20
                        },
                        "end": {
                            "line": 135,
                            "column": 36
                        },
                        "skip": true
                    },
                    {
                        "start": {
                            "line": 135,
                            "column": 40
                        },
                        "end": {
                            "line": 135,
                            "column": 51
                        },
                        "skip": true
                    },
                    {
                        "start": {
                            "line": 135,
                            "column": 55
                        },
                        "end": {
                            "line": 135,
                            "column": 64
                        },
                        "skip": true
                    }
                ]
            },
            "17": {
                "line": 139,
                "type": "if",
                "locations": [
                    {
                        "start": {
                            "line": 139,
                            "column": 16
                        },
                        "end": {
                            "line": 139,
                            "column": 16
                        },
                        "skip": true
                    },
                    {
                        "start": {
                            "line": 139,
                            "column": 16
                        },
                        "end": {
                            "line": 139,
                            "column": 16
                        },
                        "skip": true
                    }
                ]
            },
            "18": {
                "line": 140,
                "type": "binary-expr",
                "locations": [
                    {
                        "start": {
                            "line": 140,
                            "column": 20
                        },
                        "end": {
                            "line": 140,
                            "column": 31
                        },
                        "skip": true
                    },
                    {
                        "start": {
                            "line": 141,
                            "column": 23
                        },
                        "end": {
                            "line": 141,
                            "column": 45
                        },
                        "skip": true
                    },
                    {
                        "start": {
                            "line": 141,
                            "column": 49
                        },
                        "end": {
                            "line": 141,
                            "column": 51
                        },
                        "skip": true
                    },
                    {
                        "start": {
                            "line": 141,
                            "column": 55
                        },
                        "end": {
                            "line": 141,
                            "column": 73
                        },
                        "skip": true
                    },
                    {
                        "start": {
                            "line": 142,
                            "column": 23
                        },
                        "end": {
                            "line": 142,
                            "column": 45
                        },
                        "skip": true
                    },
                    {
                        "start": {
                            "line": 142,
                            "column": 49
                        },
                        "end": {
                            "line": 142,
                            "column": 51
                        },
                        "skip": true
                    },
                    {
                        "start": {
                            "line": 142,
                            "column": 55
                        },
                        "end": {
                            "line": 142,
                            "column": 73
                        },
                        "skip": true
                    }
                ]
            },
            "19": {
                "line": 152,
                "type": "if",
                "locations": [
                    {
                        "start": {
                            "line": 152,
                            "column": 4
                        },
                        "end": {
                            "line": 152,
                            "column": 4
                        },
                        "skip": true
                    },
                    {
                        "start": {
                            "line": 152,
                            "column": 4
                        },
                        "end": {
                            "line": 152,
                            "column": 4
                        },
                        "skip": true
                    }
                ]
            },
            "20": {
                "line": 153,
                "type": "binary-expr",
                "locations": [
                    {
                        "start": {
                            "line": 153,
                            "column": 8
                        },
                        "end": {
                            "line": 153,
                            "column": 35
                        },
                        "skip": true
                    },
                    {
                        "start": {
                            "line": 153,
                            "column": 39
                        },
                        "end": {
                            "line": 153,
                            "column": 46
                        },
                        "skip": true
                    },
                    {
                        "start": {
                            "line": 154,
                            "column": 11
                        },
                        "end": {
                            "line": 154,
                            "column": 43
                        },
                        "skip": true
                    },
                    {
                        "start": {
                            "line": 155,
                            "column": 11
                        },
                        "end": {
                            "line": 155,
                            "column": 51
                        },
                        "skip": true
                    }
                ]
            },
            "21": {
                "line": 162,
                "type": "binary-expr",
                "locations": [
                    {
                        "start": {
                            "line": 162,
                            "column": 3
                        },
                        "end": {
                            "line": 162,
                            "column": 33
                        },
                        "skip": true
                    },
                    {
                        "start": {
                            "line": 162,
                            "column": 37
                        },
                        "end": {
                            "line": 162,
                            "column": 47
                        },
                        "skip": true
                    },
                    {
                        "start": {
                            "line": 162,
                            "column": 52
                        },
                        "end": {
                            "line": 162,
                            "column": 58
                        },
                        "skip": true
                    }
                ]
            },
            "22": {
                "line": 177,
                "type": "binary-expr",
                "locations": [
                    {
                        "start": {
                            "line": 177,
                            "column": 8
                        },
                        "end": {
                            "line": 177,
                            "column": 27
                        },
                        "skip": true
                    },
                    {
                        "start": {
                            "line": 177,
                            "column": 31
                        },
                        "end": {
                            "line": 177,
                            "column": 50
                        },
                        "skip": true
                    }
                ]
            }
        },
        "code": [
            "/* istanbul instrument in package aa_bb */",
            "// assets.utility2.header.js - start",
            "/* jslint utility2:true */",
            "/* istanbul ignore next */",
            "// run shared js-env code - init-local",
            "(function (globalThis) {",
            "    \"use strict\";",
            "    let consoleError;",
            "    let local;",
            "    // init globalThis",
            "    globalThis.globalThis = globalThis.globalThis || globalThis;",
            "    // init debugInline",
            "    if (!globalThis.debugInline) {",
            "        consoleError = console.error;",
            "        globalThis.debugInline = function (...argList) {",
            "        /*",
            "         * this function will both print <argList> to stderr",
            "         * and return <argList>[0]",
            "         */",
            "            consoleError(\"\\n\\ndebugInline\");",
            "            consoleError(...argList);",
            "            consoleError(\"\\n\");",
            "            return argList[0];",
            "        };",
            "    }",
            "    // init local",
            "    local = {};",
            "    local.local = local;",
            "    globalThis.globalLocal = local;",
            "    // init isBrowser",
            "    local.isBrowser = (",
            "        typeof globalThis.XMLHttpRequest === \"function\"",
            "        && globalThis.navigator",
            "        && typeof globalThis.navigator.userAgent === \"string\"",
            "    );",
            "    // init isWebWorker",
            "    local.isWebWorker = (",
            "        local.isBrowser && typeof globalThis.importScripts === \"function\"",
            "    );",
            "    // init function",
            "    local.assertJsonEqual = function (aa, bb) {",
            "    /*",
            "     * this function will assert JSON.stringify(<aa>) === JSON.stringify(<bb>)",
            "     */",
            "        let objectDeepCopyWithKeysSorted;",
            "        objectDeepCopyWithKeysSorted = function (obj) {",
            "        /*",
            "         * this function will recursively deep-copy <obj> with keys sorted",
            "         */",
            "            let sorted;",
            "            if (typeof obj !== \"object\" || !obj) {",
            "                return obj;",
            "            }",
            "            // recursively deep-copy list with child-keys sorted",
            "            if (Array.isArray(obj)) {",
            "                return obj.map(objectDeepCopyWithKeysSorted);",
            "            }",
            "            // recursively deep-copy obj with keys sorted",
            "            sorted = {};",
            "            Object.keys(obj).sort().forEach(function (key) {",
            "                sorted[key] = objectDeepCopyWithKeysSorted(obj[key]);",
            "            });",
            "            return sorted;",
            "        };",
            "        aa = JSON.stringify(objectDeepCopyWithKeysSorted(aa));",
            "        bb = JSON.stringify(objectDeepCopyWithKeysSorted(bb));",
            "        if (aa !== bb) {",
            "            throw new Error(JSON.stringify(aa) + \" !== \" + JSON.stringify(bb));",
            "        }",
            "    };",
            "    local.assertOrThrow = function (passed, msg) {",
            "    /*",
            "     * this function will throw <msg> if <passed> is falsy",
            "     */",
            "        if (passed) {",
            "            return;",
            "        }",
            "        throw (",
            "            (",
            "                msg",
            "                && typeof msg.message === \"string\"",
            "                && typeof msg.stack === \"string\"",
            "            )",
            "            // if msg is err, then leave as is",
            "            ? msg",
            "            : new Error(",
            "                typeof msg === \"string\"",
            "                // if msg is string, then leave as is",
            "                ? msg",
            "                // else JSON.stringify(msg)",
            "                : JSON.stringify(msg, undefined, 4)",
            "            )",
            "        );",
            "    };",
            "    local.coalesce = function (...argList) {",
            "    /*",
            "     * this function will coalesce null, undefined, or \"\" in <argList>",
            "     */",
            "        let arg;",
            "        let ii;",
            "        ii = 0;",
            "        while (ii < argList.length) {",
            "            arg = argList[ii];",
            "            if (arg !== undefined && arg !== null && arg !== \"\") {",
            "                return arg;",
            "            }",
            "            ii += 1;",
            "        }",
            "        return arg;",
            "    };",
            "    local.identity = function (val) {",
            "    /*",
            "     * this function will return <val>",
            "     */",
            "        return val;",
            "    };",
            "    local.nop = function () {",
            "    /*",
            "     * this function will do nothing",
            "     */",
            "        return;",
            "    };",
            "    local.objectAssignDefault = function (tgt = {}, src = {}, depth = 0) {",
            "    /*",
            "     * this function will if items from <tgt> are null, undefined, or \"\",",
            "     * then overwrite them with items from <src>",
            "     */",
            "        let recurse;",
            "        recurse = function (tgt, src, depth) {",
            "            Object.entries(src).forEach(function ([",
            "                key, bb",
            "            ]) {",
            "                let aa;",
            "                aa = tgt[key];",
            "                if (aa === undefined || aa === null || aa === \"\") {",
            "                    tgt[key] = bb;",
            "                    return;",
            "                }",
            "                if (",
            "                    depth !== 0",
            "                    && typeof aa === \"object\" && aa && !Array.isArray(aa)",
            "                    && typeof bb === \"object\" && bb && !Array.isArray(bb)",
            "                ) {",
            "                    recurse(aa, bb, depth - 1);",
            "                }",
            "            });",
            "        };",
            "        recurse(tgt, src, depth | 0);",
            "        return tgt;",
            "    };",
            "    // bug-workaround - throw unhandledRejections in node-process",
            "    if (",
            "        typeof process === \"object\" && process",
            "        && typeof process.on === \"function\"",
            "        && process.unhandledRejections !== \"strict\"",
            "    ) {",
            "        process.unhandledRejections = \"strict\";",
            "        process.on(\"unhandledRejection\", function (err) {",
            "            throw err;",
            "        });",
            "    }",
            "}((typeof globalThis === \"object\" && globalThis) || window));",
            "// assets.utility2.header.js - end",
            "",
            "",
            "",
            "/* jslint utility2:true */",
            "/* istanbul ignore next */",
            "(function (local) {",
            "\"use strict\";",
            "",
            "",
            "",
            "// run shared js-env code - init-before",
            "(function () {",
            "// init local",
            "local = globalThis.utility2 || require(\"utility2\");",
            "local = local.requireReadme();",
            "globalThis.local = local;",
            "// init test",
            "local.testRunDefault(local);",
            "}());",
            "",
            "",
            "",
            "// run shared js-env code - function",
            "(function () {",
            "return;",
            "}());",
            "}());",
            ""
        ],
        "l": {
            "6": 2,
            "8": 2,
            "9": 2,
            "11": 2,
            "13": 2,
            "14": 1,
            "15": 1,
            "20": 1,
            "21": 1,
            "22": 1,
            "23": 1,
            "27": 2,
            "28": 2,
            "29": 2,
            "31": 2,
            "37": 2,
            "41": 2,
            "45": 1,
            "46": 1,
            "50": 1,
            "51": 1,
            "52": 1,
            "55": 1,
            "56": 1,
            "59": 1,
            "60": 1,
            "61": 1,
            "63": 1,
            "65": 1,
            "66": 1,
            "67": 1,
            "68": 1,
            "71": 2,
            "75": 1,
            "76": 1,
            "78": 1,
            "95": 2,
            "99": 1,
            "100": 1,
            "101": 1,
            "102": 1,
            "103": 1,
            "104": 1,
            "105": 1,
            "107": 1,
            "109": 1,
            "111": 2,
            "115": 1,
            "117": 2,
            "121": 1,
            "123": 2,
            "128": 1,
            "129": 1,
            "130": 1,
            "133": 1,
            "134": 1,
            "135": 1,
            "136": 1,
            "137": 1,
            "139": 1,
            "144": 1,
            "148": 1,
            "149": 1,
            "152": 2,
            "157": 1,
            "158": 1,
            "159": 1,
            "169": 2,
            "175": 2,
            "177": 2,
            "178": 2,
            "179": 2,
            "181": 2,
            "187": 2,
            "188": 2
        }
    },
    "/home/travis/build/kaizhu256/node-aa-bb/lib.aa_bb.js": {
        "path": "/home/travis/build/kaizhu256/node-aa-bb/lib.aa_bb.js",
        "s": {
            "1": 2,
            "2": 2,
            "3": 2,
            "4": 2,
            "5": 2,
            "6": 0,
            "7": 0,
            "8": 0,
            "9": 0,
            "10": 0,
            "11": 0,
            "12": 2,
            "13": 2,
            "14": 2,
            "15": 2,
            "16": 2,
            "17": 2,
            "18": 0,
            "19": 0,
            "20": 0,
            "21": 0,
            "22": 0,
            "23": 0,
            "24": 0,
            "25": 0,
            "26": 0,
            "27": 0,
            "28": 0,
            "29": 0,
            "30": 0,
            "31": 0,
            "32": 0,
            "33": 2,
            "34": 0,
            "35": 0,
            "36": 0,
            "37": 2,
            "38": 0,
            "39": 0,
            "40": 0,
            "41": 0,
            "42": 0,
            "43": 0,
            "44": 0,
            "45": 0,
            "46": 0,
            "47": 2,
            "48": 0,
            "49": 2,
            "50": 0,
            "51": 2,
            "52": 1,
            "53": 1,
            "54": 1,
            "55": 1,
            "56": 1,
            "57": 1,
            "58": 1,
            "59": 1,
            "60": 0,
            "61": 0,
            "62": 1,
            "63": 1,
            "64": 2,
            "65": 0,
            "66": 0,
            "67": 0,
            "68": 2,
            "69": 2,
            "70": 2,
            "71": 2,
            "72": 1,
            "73": 1,
            "74": 1,
            "75": 2,
            "76": 2
        },
        "b": {
            "1": [
                2,
                0
            ],
            "2": [
                0,
                2
            ],
            "3": [
                2,
                1,
                1
            ],
            "4": [
                2,
                1
            ],
            "5": [
                0,
                0
            ],
            "6": [
                0,
                0
            ],
            "7": [
                0,
                0
            ],
            "8": [
                0,
                0
            ],
            "9": [
                0,
                0
            ],
            "10": [
                0,
                0
            ],
            "11": [
                0,
                0,
                0
            ],
            "12": [
                0,
                0
            ],
            "13": [
                0,
                0
            ],
            "14": [
                0,
                0,
                0
            ],
            "15": [
                1,
                0
            ],
            "16": [
                1,
                0,
                0
            ],
            "17": [
                0,
                0
            ],
            "18": [
                0,
                0,
                0,
                0,
                0,
                0,
                0
            ],
            "19": [
                0,
                2
            ],
            "20": [
                2,
                1,
                1,
                1
            ],
            "21": [
                2,
                2,
                0
            ],
            "22": [
                2,
                2
            ],
            "23": [
                1,
                1
            ]
        },
        "f": {
            "1": 2,
            "2": 0,
            "3": 0,
            "4": 0,
            "5": 0,
            "6": 0,
            "7": 0,
            "8": 0,
            "9": 0,
            "10": 1,
            "11": 1,
            "12": 1,
            "13": 0,
            "14": 2,
            "15": 2
        },
        "fnMap": {
            "1": {
                "name": "(anonymous_1)",
                "line": 16,
                "loc": {
                    "start": {
                        "line": 16,
                        "column": 1
                    },
                    "end": {
                        "line": 16,
                        "column": 23
                    }
                },
                "skip": true
            },
            "2": {
                "name": "(anonymous_2)",
                "line": 25,
                "loc": {
                    "start": {
                        "line": 25,
                        "column": 33
                    },
                    "end": {
                        "line": 25,
                        "column": 55
                    }
                },
                "skip": true
            },
            "3": {
                "name": "(anonymous_3)",
                "line": 51,
                "loc": {
                    "start": {
                        "line": 51,
                        "column": 28
                    },
                    "end": {
                        "line": 51,
                        "column": 46
                    }
                },
                "skip": true
            },
            "4": {
                "name": "(anonymous_4)",
                "line": 56,
                "loc": {
                    "start": {
                        "line": 56,
                        "column": 39
                    },
                    "end": {
                        "line": 56,
                        "column": 54
                    }
                },
                "skip": true
            },
            "5": {
                "name": "(anonymous_5)",
                "line": 70,
                "loc": {
                    "start": {
                        "line": 70,
                        "column": 44
                    },
                    "end": {
                        "line": 70,
                        "column": 59
                    }
                },
                "skip": true
            },
            "6": {
                "name": "(anonymous_6)",
                "line": 81,
                "loc": {
                    "start": {
                        "line": 81,
                        "column": 26
                    },
                    "end": {
                        "line": 81,
                        "column": 49
                    }
                },
                "skip": true
            },
            "7": {
                "name": "(anonymous_7)",
                "line": 105,
                "loc": {
                    "start": {
                        "line": 105,
                        "column": 21
                    },
                    "end": {
                        "line": 105,
                        "column": 43
                    }
                },
                "skip": true
            },
            "8": {
                "name": "(anonymous_8)",
                "line": 121,
                "loc": {
                    "start": {
                        "line": 121,
                        "column": 21
                    },
                    "end": {
                        "line": 121,
                        "column": 36
                    }
                },
                "skip": true
            },
            "9": {
                "name": "(anonymous_9)",
                "line": 127,
                "loc": {
                    "start": {
                        "line": 127,
                        "column": 16
                    },
                    "end": {
                        "line": 127,
                        "column": 28
                    }
                },
                "skip": true
            },
            "10": {
                "name": "(anonymous_10)",
                "line": 133,
                "loc": {
                    "start": {
                        "line": 133,
                        "column": 32
                    },
                    "end": {
                        "line": 133,
                        "column": 73
                    }
                },
                "skip": true
            },
            "11": {
                "name": "(anonymous_11)",
                "line": 139,
                "loc": {
                    "start": {
                        "line": 139,
                        "column": 18
                    },
                    "end": {
                        "line": 139,
                        "column": 45
                    }
                },
                "skip": true
            },
            "12": {
                "name": "(anonymous_12)",
                "line": 140,
                "loc": {
                    "start": {
                        "line": 140,
                        "column": 40
                    },
                    "end": {
                        "line": 142,
                        "column": 15
                    }
                },
                "skip": true
            },
            "13": {
                "name": "(anonymous_13)",
                "line": 168,
                "loc": {
                    "start": {
                        "line": 168,
                        "column": 41
                    },
                    "end": {
                        "line": 168,
                        "column": 56
                    }
                },
                "skip": true
            },
            "14": {
                "name": "(anonymous_14)",
                "line": 177,
                "loc": {
                    "start": {
                        "line": 177,
                        "column": 1
                    },
                    "end": {
                        "line": 177,
                        "column": 18
                    }
                }
            },
            "15": {
                "name": "(anonymous_15)",
                "line": 184,
                "loc": {
                    "start": {
                        "line": 184,
                        "column": 1
                    },
                    "end": {
                        "line": 184,
                        "column": 13
                    }
                },
                "skip": true
            }
        },
        "statementMap": {
            "1": {
                "start": {
                    "line": 16,
                    "column": 0
                },
                "end": {
                    "line": 172,
                    "column": 61
                },
                "skip": true
            },
            "2": {
                "start": {
                    "line": 18,
                    "column": 4
                },
                "end": {
                    "line": 18,
                    "column": 21
                },
                "skip": true
            },
            "3": {
                "start": {
                    "line": 19,
                    "column": 4
                },
                "end": {
                    "line": 19,
                    "column": 14
                },
                "skip": true
            },
            "4": {
                "start": {
                    "line": 21,
                    "column": 4
                },
                "end": {
                    "line": 21,
                    "column": 64
                },
                "skip": true
            },
            "5": {
                "start": {
                    "line": 23,
                    "column": 4
                },
                "end": {
                    "line": 35,
                    "column": 5
                },
                "skip": true
            },
            "6": {
                "start": {
                    "line": 24,
                    "column": 8
                },
                "end": {
                    "line": 24,
                    "column": 37
                },
                "skip": true
            },
            "7": {
                "start": {
                    "line": 25,
                    "column": 8
                },
                "end": {
                    "line": 34,
                    "column": 10
                },
                "skip": true
            },
            "8": {
                "start": {
                    "line": 30,
                    "column": 12
                },
                "end": {
                    "line": 30,
                    "column": 44
                },
                "skip": true
            },
            "9": {
                "start": {
                    "line": 31,
                    "column": 12
                },
                "end": {
                    "line": 31,
                    "column": 37
                },
                "skip": true
            },
            "10": {
                "start": {
                    "line": 32,
                    "column": 12
                },
                "end": {
                    "line": 32,
                    "column": 31
                },
                "skip": true
            },
            "11": {
                "start": {
                    "line": 33,
                    "column": 12
                },
                "end": {
                    "line": 33,
                    "column": 30
                },
                "skip": true
            },
            "12": {
                "start": {
                    "line": 37,
                    "column": 4
                },
                "end": {
                    "line": 37,
                    "column": 15
                },
                "skip": true
            },
            "13": {
                "start": {
                    "line": 38,
                    "column": 4
                },
                "end": {
[...]
            "            if ((styleBar.width.slice(0, -1) | 0) > 95) {\\n\\",
            "                width = 0;\\n\\",
            "            }\\n\\",
            "            // this algorithm will indefinitely increment ajaxProgress\\n\\",
            "            // with successively smaller increments without reaching 100%\\n\\",
            "            width += 1;\\n\\",
            "            styleBar.width = Math.max(\\n\\",
            "                100 - 75 * Math.exp(-0.125 * width),\\n\\",
            "                styleBar.width.slice(0, -1) | 0\\n\\",
            "            ) + \"%\";\\n\\",
            "            // show ajaxProgressModal\\n\\",
            "            styleModal.height = \"100%\";\\n\\",
            "            styleModal.opacity = styleModal0.opacity;\\n\\",
            "            if (!opt.cnt) {\\n\\",
            "                setTimeout(opt, 0, gotoState, onError);\\n\\",
            "            }\\n\\",
            "            break;\\n\\",
            "        // ajaxProgress - 100%\\n\\",
            "        case 3:\\n\\",
            "            width = -1;\\n\\",
            "            styleBar.width = \"100%\";\\n\\",
            "            setTimeout(opt, 1000, gotoState, onError);\\n\\",
            "            break;\\n\\",
            "        // ajaxProgress - hide\\n\\",
            "        case 4:\\n\\",
            "            // debug timeElapsed\\n\\",
            "            tmp = Date.now();\\n\\",
            "            console.error(\\n\\",
            "                \"domOnEventAjaxProgressUpdate - timeElapsed - \"\\n\\",
            "                + (tmp - timeStart)\\n\\",
            "                + \" ms\"\\n\\",
            "            );\\n\\",
            "            // cleanup timerInterval and timerTimeout\\n\\",
            "            timeStart = tmp;\\n\\",
            "            clearInterval(timerInterval);\\n\\",
            "            timerInterval = undefined;\\n\\",
            "            clearTimeout(timerTimeout);\\n\\",
            "            timerTimeout = undefined;\\n\\",
            "            // hide ajaxProgressBar\\n\\",
            "            styleBar.background = \"transparent\";\\n\\",
            "            // hide ajaxProgressModal\\n\\",
            "            styleModal.opacity = \"0\";\\n\\",
            "            if (onError) {\\n\\",
            "                onError();\\n\\",
            "            }\\n\\",
            "            setTimeout(opt, 250, gotoState);\\n\\",
            "            break;\\n\\",
            "        // ajaxProgress - reset\\n\\",
            "        default:\\n\\",
            "            opt.cnt = 0;\\n\\",
            "            width = 0;\\n\\",
            "            styleBar.width = \"0%\";\\n\\",
            "            styleModal.height = \"0\";\\n\\",
            "        }\\n\\",
            "    };\\n\\",
            "    opt = window.domOnEventAjaxProgressUpdate;\\n\\",
            "    opt.end = function (onError) {\\n\\",
            "        opt.cnt = 0;\\n\\",
            "        window.domOnEventAjaxProgressUpdate(2, onError);\\n\\",
            "    };\\n\\",
            "    // init styleBar\\n\\",
            "    styleBar = document.getElementById(\"domElementAjaxProgressBar1\").style;\\n\\",
            "    styleBar0 = Object.assign({}, styleBar);\\n\\",
            "    Object.entries({\\n\\",
            "        background: \"#d00\",\\n\\",
            "        height: \"2px\",\\n\\",
            "        left: \"0\",\\n\\",
            "        margin: \"0\",\\n\\",
            "        padding: \"0\",\\n\\",
            "        position: \"fixed\",\\n\\",
            "        top: \"0\",\\n\\",
            "        transition: \"background 250ms, width 750ms\",\\n\\",
            "        width: \"0%\",\\n\\",
            "        \"z-index\": \"1\"\\n\\",
            "    }).forEach(function (entry) {\\n\\",
            "        styleBar[entry[0]] = styleBar[entry[0]] || entry[1];\\n\\",
            "    });\\n\\",
            "    // init styleModal\\n\\",
            "    styleModal = document.getElementById(\"domElementAjaxProgressModal1\") || {};\\n\\",
            "    styleModal = styleModal.style || {};\\n\\",
            "    styleModal0 = Object.assign({}, styleModal);\\n\\",
            "    Object.entries({\\n\\",
            "        height: \"0\",\\n\\",
            "        left: \"0\",\\n\\",
            "        margin: \"0\",\\n\\",
            "        padding: \"0\",\\n\\",
            "        position: \"fixed\",\\n\\",
            "        top: \"0\",\\n\\",
            "        transition: \"opacity 125ms\",\\n\\",
            "        width: \"100%\",\\n\\",
            "        \"z-index\": \"1\"\\n\\",
            "    }).forEach(function (entry) {\\n\\",
            "        styleModal[entry[0]] = styleModal[entry[0]] || entry[1];\\n\\",
            "    });\\n\\",
            "    // init state\\n\\",
            "    width = 0;\\n\\",
            "    opt.cnt = 0;\\n\\",
            "    opt.timeout = 30000;\\n\\",
            "    // init ajaxProgress\\n\\",
            "    window.domOnEventAjaxProgressUpdate();\\n\\",
            "}());\\n\\",
            "\\n\\",
            "\\n\\",
            "\\n\\",
            "// init domOnEventDelegateDict\\n\\",
            "(function () {\\n\\",
            "/*\\n\\",
            " * this function will handle delegated dom-evt\\n\\",
            " */\\n\\",
            "    \"use strict\";\\n\\",
            "    let debounce;\\n\\",
            "    let timerTimeout;\\n\\",
            "    debounce = function () {\\n\\",
            "        return setTimeout(function () {\\n\\",
            "            timerTimeout = undefined;\\n\\",
            "        }, 30);\\n\\",
            "    };\\n\\",
            "    if (!(\\n\\",
            "        typeof window === \"object\" && window && window.document\\n\\",
            "        && typeof document.addEventListener === \"function\"\\n\\",
            "    ) || window.domOnEventDelegateDict) {\\n\\",
            "        return;\\n\\",
            "    }\\n\\",
            "    window.domOnEventDelegateDict = {};\\n\\",
            "    window.domOnEventDelegateDict.domOnEventDelegate = function (evt) {\\n\\",
            "        evt.targetOnEvent = evt.target.closest(\"[data-onevent]\");\\n\\",
            "        if (\\n\\",
            "            !evt.targetOnEvent\\n\\",
            "            || evt.targetOnEvent.dataset.onevent === \"domOnEventNop\"\\n\\",
            "            || evt.target.closest(\".disabled,.readonly\")\\n\\",
            "        ) {\\n\\",
            "            return;\\n\\",
            "        }\\n\\",
            "        // filter evt-change\\n\\",
            "        switch (evt.type !== \"change\" && evt.target.type) {\\n\\",
            "        case \"checkbox\":\\n\\",
            "        case \"file\":\\n\\",
            "        case \"select-one\":\\n\\",
            "        case \"radio\":\\n\\",
            "            return;\\n\\",
            "        }\\n\\",
            "        // filter evt-keyup\\n\\",
            "        switch (evt.type) {\\n\\",
            "        case \"keyup\":\\n\\",
            "            if (!timerTimeout && (\\n\\",
            "                evt.target.tagName === \"INPUT\"\\n\\",
            "                || evt.target.tagName === \"TEXTAREA\"\\n\\",
            "            )) {\\n\\",
            "                timerTimeout = debounce();\\n\\",
            "                if (evt.target.dataset.valueOld !== evt.target.value) {\\n\\",
            "                    evt.target.dataset.valueOld = evt.target.value;\\n\\",
            "                    break;\\n\\",
            "                }\\n\\",
            "            }\\n\\",
            "            return;\\n\\",
            "        }\\n\\",
            "        switch (evt.targetOnEvent.tagName) {\\n\\",
            "        case \"BUTTON\":\\n\\",
            "        case \"FORM\":\\n\\",
            "            evt.preventDefault();\\n\\",
            "            break;\\n\\",
            "        }\\n\\",
            "        evt.stopPropagation();\\n\\",
            "        // handle domOnEventClickTarget\\n\\",
            "        if (evt.targetOnEvent.dataset.onevent === \"domOnEventClickTarget\") {\\n\\",
            "            document.querySelector(\\n\\",
            "                evt.targetOnEvent.dataset.clickTarget\\n\\",
            "            ).click();\\n\\",
            "            return;\\n\\",
            "        }\\n\\",
            "        window.domOnEventDelegateDict[evt.targetOnEvent.dataset.onevent](evt);\\n\\",
            "    };\\n\\",
            "    // handle evt\\n\\",
            "    [\\n\\",
            "        \"change\",\\n\\",
            "        \"click\",\\n\\",
            "        \"keyup\",\\n\\",
            "        \"submit\"\\n\\",
            "    ].forEach(function (eventType) {\\n\\",
            "        document.addEventListener(\\n\\",
            "            eventType,\\n\\",
            "            window.domOnEventDelegateDict.domOnEventDelegate\\n\\",
            "        );\\n\\",
            "    });\\n\\",
            "}());\\n\\",
            "\\n\\",
            "\\n\\",
            "\\n\\",
            "// init domOnEventSelectAllWithinPre\\n\\",
            "(function () {\\n\\",
            "/*\\n\\",
            " * this function will limit select-all within <pre tabIndex=\"0\"> elem\\n\\",
            " * https://stackoverflow.com/questions/985272/selecting-text-in-an-element-akin-to-highlighting-with-your-mouse\\n\\",
            " */\\n\\",
            "    \"use strict\";\\n\\",
            "    if (!(\\n\\",
            "        typeof window === \"object\" && window && window.document\\n\\",
            "        && typeof document.addEventListener === \"function\"\\n\\",
            "    ) || window.domOnEventSelectAllWithinPre) {\\n\\",
            "        return;\\n\\",
            "    }\\n\\",
            "    window.domOnEventSelectAllWithinPre = function (evt) {\\n\\",
            "        let range;\\n\\",
            "        let selection;\\n\\",
            "        if (\\n\\",
            "            evt && (evt.ctrlKey || evt.metaKey) && evt.key === \"a\"\\n\\",
            "            && evt.target.closest(\"pre\")\\n\\",
            "        ) {\\n\\",
            "            range = document.createRange();\\n\\",
            "            range.selectNodeContents(evt.target.closest(\"pre\"));\\n\\",
            "            selection = window.getSelection();\\n\\",
            "            selection.removeAllRanges();\\n\\",
            "            selection.addRange(range);\\n\\",
            "            evt.preventDefault();\\n\\",
            "        }\\n\\",
            "    };\\n\\",
            "    // handle evt\\n\\",
            "    document.addEventListener(\\n\\",
            "        \"keydown\",\\n\\",
            "        window.domOnEventSelectAllWithinPre\\n\\",
            "    );\\n\\",
            "}());\\n\\",
            "</script>\\n\\",
            "<h1>\\n\\",
            "<!-- utility2-comment\\n\\",
            "<a\\n\\",
            "    {{#if env.npm_package_homepage}}\\n\\",
            "    href=\"{{env.npm_package_homepage}}\"\\n\\",
            "    {{/if env.npm_package_homepage}}\\n\\",
            "    target=\"_blank\"\\n\\",
            ">\\n\\",
            "utility2-comment -->\\n\\",
            "    {{env.npm_package_name}} ({{env.npm_package_version}})\\n\\",
            "<!-- utility2-comment\\n\\",
            "</a>\\n\\",
            "utility2-comment -->\\n\\",
            "</h1>\\n\\",
            "<h3>{{env.npm_package_description}}</h3>\\n\\",
            "<!-- utility2-comment\\n\\",
            "<a class=\"button\" download href=\"assets.app.js\">download standalone app</a><br>\\n\\",
            "<button class=\"button\" data-onevent=\"testRunBrowser\" id=\"buttonTestRun1\">run browser-tests</button><br>\\n\\",
            "<div class=\"uiAnimateSlide\" id=\"htmlTestReport1\" style=\"border-bottom: 0; border-top: 0; margin-bottom: 0; margin-top: 0; max-height: 0; padding-bottom: 0; padding-top: 0;\"></div>\\n\\",
            "utility2-comment -->\\n\\",
            "\\n\\",
            "\\n\\",
            "\\n\\",
            "<!-- custom-html-start -->\\n\\",
            "<label>stderr and stdout</label>\\n\\",
            "<textarea class=\"onevent-reset-output readonly textarea\" id=\"outputStdout1\" readonly></textarea>\\n\\",
            "<!-- custom-html-end -->\\n\\",
            "\\n\\",
            "\\n\\",
            "\\n\\",
            "<!-- utility2-comment\\n\\",
            "{{#if isRollup}}\\n\\",
            "<script src=\"assets.app.js\"></script>\\n\\",
            "{{#unless isRollup}}\\n\\",
            "<script src=\"assets.utility2.rollup.js\"></script>\\n\\",
            "<script>window.utility2_onReadyBefore.cnt += 1;</script>\\n\\",
            "<script src=\"jsonp.utility2.stateInit?callback=window.utility2.stateInit\"></script>\\n\\",
            "utility2-comment -->\\n\\",
            "<script src=\"assets.aa_bb.js\"></script>\\n\\",
            "<script src=\"assets.example.js\"></script>\\n\\",
            "<script src=\"assets.test.js\"></script>\\n\\",
            "<script>\\n\\",
            "if (window.utility2_onReadyBefore) {\\n\\",
            "    window.utility2_onReadyBefore();\\n\\",
            "}\\n\\",
            "</script>\\n\\",
            "<!-- utility2-comment\\n\\",
            "{{/if isRollup}}\\n\\",
            "utility2-comment -->\\n\\",
            "<div style=\"text-align: center;\">\\n\\",
            "    [\\n\\",
            "    this app was created with\\n\\",
            "    <a\\n\\",
            "        href=\"https://github.com/kaizhu256/node-utility2\" target=\"_blank\"\\n\\",
            "    >utility2</a>\\n\\",
            "    ]\\n\\",
            "</div>\\n\\",
            "</body>\\n\\",
            "</html>\\n\\",
            "';",
            "/* jslint ignore:end */",
            "local.assetsDict[\"/assets.aa_bb.js\"] = (",
            "    local.assetsDict[\"/assets.aa_bb.js\"]",
            "    || require(\"fs\").readFileSync(",
            "        require(\"path\").resolve(local.__dirname + \"/lib.aa_bb.js\"),",
            "        \"utf8\"",
            "    ).replace((",
            "        /^#!\\//",
            "    ), \"// \")",
            ");",
            "/* validateLineSortedReset */",
            "local.assetsDict[\"/\"] = local.assetsDict[",
            "    \"/assets.index.template.html\"",
            "].replace((",
            "    /\\{\\{env\\.(\\w+?)\\}\\}/g",
            "), function (match0, match1) {",
            "    switch (match1) {",
            "    case \"npm_package_description\":",
            "        return \"the greatest app in the world!\";",
            "    case \"npm_package_name\":",
            "        return \"aa-bb\";",
            "    case \"npm_package_nameLib\":",
            "        return \"aa_bb\";",
            "    case \"npm_package_version\":",
            "        return \"0.0.1\";",
            "    default:",
            "        return match0;",
            "    }",
            "});",
            "local.assetsDict[\"/assets.example.html\"] = local.assetsDict[\"/\"];",
            "// init cli",
            "if (module !== require.main || globalThis.utility2_rollup) {",
            "    return;",
            "}",
            "local.assetsDict[\"/assets.example.js\"] = (",
            "    local.assetsDict[\"/assets.example.js\"]",
            "    || require(\"fs\").readFileSync(__filename, \"utf8\")",
            ");",
            "local.assetsDict[\"/favicon.ico\"] = local.assetsDict[\"/favicon.ico\"] || \"\";",
            "local.assetsDict[\"/index.html\"] = local.assetsDict[\"/\"];",
            "// if $npm_config_timeout_exit exists,",
            "// then exit this process after $npm_config_timeout_exit ms",
            "if (Number(process.env.npm_config_timeout_exit)) {",
            "    setTimeout(process.exit, Number(process.env.npm_config_timeout_exit));",
            "}",
            "// start server",
            "if (globalThis.utility2_serverHttp1) {",
            "    return;",
            "}",
            "process.env.PORT = process.env.PORT || \"8081\";",
            "console.error(\"http-server listening on port \" + process.env.PORT);",
            "require(\"http\").createServer(function (req, res) {",
            "    req.urlParsed = require(\"url\").parse(req.url);",
            "    if (local.assetsDict[req.urlParsed.pathname] !== undefined) {",
            "        res.end(local.assetsDict[req.urlParsed.pathname]);",
            "        return;",
            "    }",
            "    res.statusCode = 404;",
            "    res.end();",
            "}).listen(process.env.PORT);",
            "}());",
            "}());",
            ""
        ],
        "l": {
            "117": 2,
            "119": 2,
            "120": 2,
            "122": 2,
            "124": 2,
            "125": 1,
            "126": 1,
            "131": 1,
            "132": 1,
            "133": 1,
            "134": 1,
            "138": 2,
            "139": 2,
            "140": 2,
            "142": 2,
            "148": 2,
            "152": 2,
            "156": 1,
            "157": 1,
            "161": 1,
            "162": 1,
            "163": 1,
            "166": 1,
            "167": 1,
            "170": 1,
            "171": 1,
            "172": 1,
            "174": 1,
            "176": 1,
            "177": 1,
            "178": 1,
            "179": 1,
            "182": 2,
            "186": 1,
            "187": 1,
            "189": 1,
            "206": 2,
            "210": 1,
            "211": 1,
            "212": 1,
            "213": 1,
            "214": 1,
            "215": 1,
            "216": 1,
            "218": 1,
            "220": 1,
            "222": 2,
            "226": 1,
            "228": 2,
            "232": 1,
            "234": 2,
            "239": 1,
            "240": 1,
            "241": 1,
            "244": 1,
            "245": 1,
            "246": 1,
            "247": 1,
            "248": 1,
            "250": 1,
            "255": 1,
            "259": 1,
            "260": 1,
            "263": 2,
            "268": 1,
            "269": 1,
            "270": 1,
            "279": 2,
            "285": 2,
            "287": 2,
            "293": 2,
            "300": 2,
            "301": 2,
            "302": 1,
            "305": 1,
            "306": 2,
            "307": 2,
            "308": 2,
            "309": 2,
            "310": 1,
            "312": 2,
            "313": 2,
            "314": 1,
            "316": 1,
            "317": 1,
            "326": 1,
            "329": 1,
            "330": 1,
            "337": 2,
            "338": 2,
            "339": 1,
            "342": 1,
            "344": 1,
            "346": 1,
            "817": 1,
            "827": 1,
            "832": 6,
            "834": 1,
            "836": 2,
            "838": 1,
            "840": 2,
            "842": 1,
            "845": 1,
            "847": 1,
            "848": 1,
            "850": 1,
            "854": 1,
            "855": 1,
            "858": 1,
            "859": 1,
            "862": 1,
            "863": 1,
            "865": 1,
            "866": 1,
            "867": 1,
            "868": 1,
            "869": 1,
            "870": 1,
            "871": 1,
            "873": 1,
            "874": 1
        }
    }
}