---------------|---------|---------|---------|---------|
File           | % Stmts | % Brchs | % Funcs | % Lines |
---------------|---------|---------|---------|---------|
All files      |     100 |     100 |     100 |     100 |
node-aa-bb/    |     100 |     100 |     100 |     100 |
  example.js   |     100 |     100 |     100 |     100 |
  lib.aa_bb.js |     100 |     100 |     100 |     100 |
  test.js      |     100 |     100 |     100 |     100 |
---------------|---------|---------|---------|---------|
